<?xml version="1.0" encoding="UTF-8"?>
<!-- Generated by org.testng.reporters.JUnitReportReporter -->
<testsuite hostname="DESKTOP-8F0NEPK" failures="0" tests="1" name="com.rll.testing.ReolutionTest" time="27.233" errors="0" timestamp="2022-10-19T15:59:50 IST" skipped="0">
  <testcase classname="com.rll.testing.ReolutionTest" name="resolutionTest" time="27.233"/>
</testsuite> <!-- com.rll.testing.ReolutionTest -->
