<?xml version="1.0" encoding="UTF-8"?>
<!-- Generated by org.testng.reporters.JUnitReportReporter -->
<testsuite hostname="DESKTOP-8F0NEPK" failures="0" tests="1" name="com.rll.testing.PerformanceLoadTime" time="11.842" errors="0" timestamp="2022-10-19T15:59:50 IST" skipped="0">
  <testcase classname="com.rll.testing.PerformanceLoadTime" name="performanceloadtime" time="11.842"/>
</testsuite> <!-- com.rll.testing.PerformanceLoadTime -->
