<?xml version="1.0" encoding="UTF-8"?>
<!-- Generated by org.testng.reporters.JUnitReportReporter -->
<testsuite skipped="0" hostname="LAPTOP-6P04N0T8" name="com.testing.AdminLoginPageTesting" tests="1" failures="0" timestamp="2022-10-26T17:17:05 IST" time="19.931" errors="0">
  <testcase name="AdminLoginTest" time="19.931" classname="com.testing.AdminLoginPageTesting"/>
</testsuite> <!-- com.testing.AdminLoginPageTesting -->
